<?xml version="1.0" encoding="UTF-8"?>
<testng-results ignored="0" total="2" passed="2" failed="0" skipped="0">
  <reporter-output>
  </reporter-output>
  <suite started-at="2024-08-05T13:40:05 IST" name="Master Suite" finished-at="2024-08-05T13:41:35 IST" duration-ms="90275">
    <groups>
      <group name="Master">
        <method signature="TC002_LoginTest.verify_login()[pri:0, instance:testCases.TC002_LoginTest@6aecbb8d]" name="verify_login" class="testCases.TC002_LoginTest"/>
        <method signature="TC_001_AccountRegistration_Test.Verify_Account_Registration()[pri:0, instance:testCases.TC_001_AccountRegistration_Test@7b8233cd]" name="Verify_Account_Registration" class="testCases.TC_001_AccountRegistration_Test"/>
      </group> <!-- Master -->
      <group name="Sanity">
        <method signature="TC002_LoginTest.verify_login()[pri:0, instance:testCases.TC002_LoginTest@6aecbb8d]" name="verify_login" class="testCases.TC002_LoginTest"/>
      </group> <!-- Sanity -->
      <group name="Regression">
        <method signature="TC_001_AccountRegistration_Test.Verify_Account_Registration()[pri:0, instance:testCases.TC_001_AccountRegistration_Test@7b8233cd]" name="Verify_Account_Registration" class="testCases.TC_001_AccountRegistration_Test"/>
      </group> <!-- Regression -->
    </groups>
    <test started-at="2024-08-05T13:40:05 IST" name="Test" finished-at="2024-08-05T13:41:35 IST" duration-ms="90275">
      <class name="testCases.TC002_LoginTest">
        <test-method is-config="true" signature="setup(java.lang.String,java.lang.String)[pri:0, instance:testCases.TC002_LoginTest@6aecbb8d]" started-at="2024-08-05T13:41:00 IST" name="setup" finished-at="2024-08-05T13:41:23 IST" duration-ms="23372" status="PASS">
          <params>
            <param index="0">
              <value>
                <![CDATA[Windows]]>
              </value>
            </param>
            <param index="1">
              <value>
                <![CDATA[chrome]]>
              </value>
            </param>
          </params>
          <reporter-output>
          </reporter-output>
        </test-method> <!-- setup -->
        <test-method signature="verify_login()[pri:0, instance:testCases.TC002_LoginTest@6aecbb8d]" started-at="2024-08-05T13:41:23 IST" name="verify_login" finished-at="2024-08-05T13:41:29 IST" duration-ms="6031" status="PASS">
          <reporter-output>
          </reporter-output>
        </test-method> <!-- verify_login -->
        <test-method is-config="true" signature="teardown()[pri:0, instance:testCases.TC002_LoginTest@6aecbb8d]" started-at="2024-08-05T13:41:29 IST" name="teardown" finished-at="2024-08-05T13:41:35 IST" duration-ms="5541" status="PASS">
          <reporter-output>
          </reporter-output>
        </test-method> <!-- teardown -->
      </class> <!-- testCases.TC002_LoginTest -->
      <class name="testCases.TC_001_AccountRegistration_Test">
        <test-method is-config="true" signature="setup(java.lang.String,java.lang.String)[pri:0, instance:testCases.TC_001_AccountRegistration_Test@7b8233cd]" started-at="2024-08-05T13:40:07 IST" name="setup" finished-at="2024-08-05T13:40:39 IST" duration-ms="31979" status="PASS">
          <params>
            <param index="0">
              <value>
                <![CDATA[Windows]]>
              </value>
            </param>
            <param index="1">
              <value>
                <![CDATA[chrome]]>
              </value>
            </param>
          </params>
          <reporter-output>
          </reporter-output>
        </test-method> <!-- setup -->
        <test-method signature="Verify_Account_Registration()[pri:0, instance:testCases.TC_001_AccountRegistration_Test@7b8233cd]" started-at="2024-08-05T13:40:39 IST" name="Verify_Account_Registration" finished-at="2024-08-05T13:40:55 IST" duration-ms="15951" status="PASS">
          <reporter-output>
          </reporter-output>
        </test-method> <!-- Verify_Account_Registration -->
        <test-method is-config="true" signature="teardown()[pri:0, instance:testCases.TC_001_AccountRegistration_Test@7b8233cd]" started-at="2024-08-05T13:40:55 IST" name="teardown" finished-at="2024-08-05T13:41:00 IST" duration-ms="4650" status="PASS">
          <reporter-output>
          </reporter-output>
        </test-method> <!-- teardown -->
      </class> <!-- testCases.TC_001_AccountRegistration_Test -->
    </test> <!-- Test -->
  </suite> <!-- Master Suite -->
</testng-results>
